<?xml version="1.0" encoding="UTF-8"?>
<!DOCTYPE suite SYSTEM "http://testng.org/testng-1.0.dtd">
<suite name="Suite1">
    <test name="Test1">
        <classes>
            <class name="com.lujiatao.c10.TestNGTest1"/>
        </classes>
    </test>
</suite>